Generated Block Diagram.
Rasterizing microblaze_0.jpg.....
Rasterizing mb_plb.jpg.....
Rasterizing ilmb.jpg.....
Rasterizing dlmb.jpg.....
Rasterizing dlmb_cntlr.jpg.....
Rasterizing ilmb_cntlr.jpg.....
Rasterizing lmb_bram.jpg.....
Rasterizing RS232_Uart_1.jpg.....
Rasterizing RS232_Uart_2.jpg.....
Rasterizing SRAM.jpg.....
Rasterizing DDR2_SDRAM.jpg.....
Rasterizing SysACE_CompactFlash.jpg.....
Rasterizing clock_generator_0.jpg.....
Rasterizing mdm_0.jpg.....
Rasterizing proc_sys_reset_0.jpg.....
Rasterizing xps_intc_0.jpg.....
Rasterizing data_coherence_controller_0.jpg.....
Rasterizing jaip_0.jpg.....
Rasterizing system_blkd.jpg.....
Report generated.
Report generation completed.
